--- Startup times for process: Primary (or UI client) ---

times in msec
 clock   self+sourced   self:  sourced script
 clock   elapsed:              other lines

000.000  000.000: --- NVIM STARTING ---
000.052  000.052: event init
000.176  000.124: early init
000.414  000.238: locale set
000.433  000.018: init first window
000.737  000.305: inits 1
000.741  000.004: window checked
000.743  000.002: parsing arguments
001.050  000.022  000.022: require('vim.shared')
001.098  000.019  000.019: require('vim.inspect')
001.120  000.018  000.018: require('vim._options')
001.122  000.070  000.033: require('vim._editor')
001.122  000.114  000.022: require('vim._init_packages')
001.124  000.266: init lua interpreter
002.848  001.725: nvim_ui_attach
003.088  000.240: nvim_set_client_info
003.090  000.001: --- NVIM STARTED ---

--- Startup times for process: Embedded ---

times in msec
 clock   self+sourced   self:  sourced script
 clock   elapsed:              other lines

000.000  000.000: --- NVIM STARTING ---
000.041  000.041: event init
000.116  000.075: early init
000.341  000.226: locale set
000.357  000.016: init first window
000.585  000.228: inits 1
000.596  000.010: window checked
000.598  000.002: parsing arguments
000.875  000.023  000.023: require('vim.shared')
000.922  000.019  000.019: require('vim.inspect')
000.944  000.018  000.018: require('vim._options')
000.945  000.068  000.031: require('vim._editor')
000.946  000.110  000.018: require('vim._init_packages')
000.947  000.240: init lua interpreter
002.414  001.467: expanding arguments
002.426  000.012: inits 2
002.591  000.164: init highlight
002.591  000.001: waiting for UI
002.662  000.071: done waiting for UI
002.665  000.002: clear screen
002.744  000.010  000.010: require('vim.keymap')
003.493  000.101  000.101: sourcing nvim_exec2()
003.590  000.919  000.808: require('vim._defaults')
003.591  000.007: init default mappings & autocommands
004.629  000.211  000.211: sourcing /opt/homebrew/Cellar/neovim/0.11.1/share/nvim/runtime/ftplugin.vim
004.816  000.131  000.131: sourcing /opt/homebrew/Cellar/neovim/0.11.1/share/nvim/runtime/indent.vim
005.505  000.003  000.003: sourcing nvim_exec2() called at /Users/dladuke/.config/nvim/init.lua:0
005.508  000.001  000.001: sourcing nvim_exec2() called at /Users/dladuke/.config/nvim/init.lua:0
005.510  000.001  000.001: sourcing nvim_exec2() called at /Users/dladuke/.config/nvim/init.lua:0
005.512  000.001  000.001: sourcing nvim_exec2() called at /Users/dladuke/.config/nvim/init.lua:0
005.513  000.001  000.001: sourcing nvim_exec2() called at /Users/dladuke/.config/nvim/init.lua:0
005.515  000.001  000.001: sourcing nvim_exec2() called at /Users/dladuke/.config/nvim/init.lua:0
005.517  000.001  000.001: sourcing nvim_exec2() called at /Users/dladuke/.config/nvim/init.lua:0
005.518  000.001  000.001: sourcing nvim_exec2() called at /Users/dladuke/.config/nvim/init.lua:0
005.523  000.628  000.620: sourcing /Users/dladuke/.config/nvim/init.lua
005.528  000.966: sourcing vimrc file(s)
006.008  000.115  000.115: sourcing /Applications/Ghostty.app/Contents/Resources/ghostty/../nvim/site/ftdetect/ghostty.vim
006.025  000.223  000.108: sourcing nvim_exec2() called at /opt/homebrew/Cellar/neovim/0.11.1/share/nvim/runtime/filetype.lua:0
006.026  000.441  000.218: sourcing /opt/homebrew/Cellar/neovim/0.11.1/share/nvim/runtime/filetype.lua
006.459  000.141  000.141: sourcing /opt/homebrew/Cellar/neovim/0.11.1/share/nvim/runtime/syntax/synload.vim
006.515  000.436  000.295: sourcing /opt/homebrew/Cellar/neovim/0.11.1/share/nvim/runtime/syntax/syntax.vim
008.964  001.620  001.620: require('mini.deps')
008.989  000.004  000.004: sourcing nvim_exec2() called at /Users/dladuke/.config/nvim/plugin/deps.lua:0
009.020  000.005  000.005: require('vim.F')
010.176  000.248  000.248: sourcing nvim_exec2() called at /Users/dladuke/.config/nvim/plugin/deps.lua:0
010.874  000.695  000.695: require('kanagawa')
011.475  000.240  000.240: require('kanagawa.utils')
011.706  000.227  000.227: require('kanagawa.colors')
012.640  000.474  000.474: require('kanagawa.lib.hsluv')
012.645  000.608  000.133: require('kanagawa.lib.color')
012.646  000.917  000.310: require('kanagawa.themes')
012.913  000.142  000.142: require('kanagawa.highlights')
013.247  000.333  000.333: require('kanagawa.highlights.editor')
013.419  000.142  000.142: require('kanagawa.highlights.syntax')
013.903  000.337  000.337: require('kanagawa.highlights.treesitter')
014.069  000.144  000.144: require('kanagawa.highlights.lsp')
014.571  000.499  000.499: require('kanagawa.highlights.plugins')
014.975  003.859  000.878: sourcing /Users/dladuke/.local/share/nvim/site/pack/deps/opt/kanagawa.nvim/colors/kanagawa-dragon.vim
014.991  005.965  001.163: require('deps.theme')
015.711  000.362  000.362: sourcing nvim_exec2() called at /Users/dladuke/.config/nvim/plugin/deps.lua:0
017.784  002.071  002.071: require('mini.icons')
018.488  000.381  000.381: require('vim.health')
018.490  000.669  000.289: require('vim.deprecated.health')
019.118  000.601  000.601: require('vim.iter')
019.327  004.335  000.631: require('deps.icons')
020.276  000.488  000.488: sourcing nvim_exec2() called at /Users/dladuke/.config/nvim/plugin/deps.lua:0
020.994  000.716  000.716: require('quicker')
021.228  000.233  000.233: require('quicker.config')
021.305  001.976  000.540: require('deps.quickfix')
021.984  000.341  000.341: sourcing nvim_exec2() called at /Users/dladuke/.config/nvim/plugin/deps.lua:0
022.699  000.120  000.120: sourcing /Users/dladuke/.local/share/nvim/site/pack/deps/opt/plenary.nvim/plugin/plenary.vim
022.765  000.715  000.595: sourcing nvim_exec2() called at /Users/dladuke/.config/nvim/plugin/deps.lua:0
023.022  000.255  000.255: sourcing nvim_exec2() called at /Users/dladuke/.config/nvim/plugin/deps.lua:0
023.739  000.121  000.121: sourcing /Users/dladuke/.local/share/nvim/site/pack/deps/opt/nvim-web-devicons/plugin/nvim-web-devicons.vim
023.803  000.773  000.652: sourcing nvim_exec2() called at /Users/dladuke/.config/nvim/plugin/deps.lua:0
024.148  000.343  000.343: sourcing nvim_exec2() called at /Users/dladuke/.config/nvim/plugin/deps.lua:0
024.985  000.292  000.292: sourcing /Users/dladuke/.local/share/nvim/site/pack/deps/opt/telescope.nvim/plugin/telescope.lua
025.048  000.898  000.606: sourcing nvim_exec2() called at /Users/dladuke/.config/nvim/plugin/deps.lua:0
026.076  000.291  000.291: require('telescope._extensions')
026.078  001.028  000.737: require('telescope')
029.196  000.495  000.495: require('plenary.bit')
029.518  000.317  000.317: require('plenary.functional')
029.539  000.014  000.014: require('ffi')
029.553  001.608  000.783: require('plenary.path')
029.562  002.016  000.408: require('plenary.strings')
029.749  000.186  000.186: require('telescope.deprecated')
030.675  000.328  000.328: require('plenary.log')
030.727  000.548  000.220: require('telescope.log')
031.684  000.186  000.186: require('plenary.compat')
031.688  000.529  000.343: require('plenary.job')
031.887  000.197  000.197: require('telescope.state')
031.905  001.177  000.451: require('telescope.utils')
031.908  002.158  000.433: require('telescope.sorters')
032.774  005.664  001.304: require('telescope.config')
033.430  000.347  000.347: require('plenary.window.border')
033.618  000.186  000.186: require('plenary.window')
033.831  000.213  000.213: require('plenary.popup.utils')
033.833  001.057  000.311: require('plenary.popup')
034.486  000.652  000.652: require('telescope.pickers.scroller')
034.735  000.244  000.244: require('telescope.actions.state')
035.555  000.820  000.820: require('telescope.actions.utils')
036.195  000.286  000.286: require('telescope.actions.mt')
036.203  000.646  000.360: require('telescope.actions.set')
036.804  000.322  000.322: require('telescope.config.resolve')
036.806  000.603  000.281: require('telescope.pickers.entry_display')
036.924  000.117  000.117: require('telescope.from_entry')
037.226  011.147  001.344: require('telescope.actions')
037.400  000.172  000.172: require('telescope.themes')
037.762  000.361  000.361: require('telescope.builtin')
040.157  000.349  000.349: require('telescope._extensions.ui-select')
042.421  000.124  000.124: require('plenary.tbl')
042.432  000.295  000.171: require('plenary.vararg.rotate')
042.433  000.399  000.104: require('plenary.vararg')
042.554  000.120  000.120: require('plenary.errors')
042.559  000.718  000.199: require('plenary.async.async')
043.324  000.115  000.115: require('plenary.async.structs')
043.328  000.427  000.312: require('plenary.async.control')
043.330  000.629  000.203: require('plenary.async.util')
043.332  000.767  000.138: require('plenary.async.tests')
043.333  001.822  000.338: require('plenary.async')
043.581  000.247  000.247: require('telescope.debounce')
043.893  000.311  000.311: require('telescope.mappings')
044.033  000.139  000.139: require('telescope.pickers.highlights')
044.135  000.101  000.101: require('telescope.pickers.window')
044.385  000.211  000.211: require('telescope.pickers.layout')
044.843  000.274  000.274: require('telescope.algos.linked_list')
044.844  000.459  000.184: require('telescope.entry_manager')
044.947  000.102  000.102: require('telescope.pickers.multi')
044.956  004.796  001.405: require('telescope.pickers')
045.932  000.623  000.623: require('telescope.make_entry')
046.046  000.113  000.113: require('telescope.finders.async_static_finder')
046.644  000.194  000.194: require('plenary.class')
046.651  000.483  000.289: require('telescope._')
046.653  000.606  000.123: require('telescope.finders.async_oneshot_finder')
046.768  000.114  000.114: require('telescope.finders.async_job_finder')
046.771  001.814  000.358: require('telescope.finders')
047.177  000.400  000.400: require('vim.ui')
047.225  025.919  002.525: require('deps.picker')
049.780  000.278  000.278: require('nvim-treesitter.utils')
052.733  000.263  000.263: require('vim.treesitter.language')
052.934  000.199  000.199: require('vim.func')
053.151  000.215  000.215: require('vim.func._memoize')
053.174  001.191  000.515: require('vim.treesitter.query')
053.534  000.359  000.359: require('vim.treesitter._range')
053.541  002.459  000.909: require('vim.treesitter.languagetree')
053.545  002.900  000.441: require('vim.treesitter')
053.909  004.127  001.228: require('nvim-treesitter.parsers')
055.002  000.104  000.104: require('nvim-treesitter.compat')
055.528  000.379  000.379: require('nvim-treesitter.ts_utils')
055.531  000.527  000.149: require('nvim-treesitter.tsrange')
056.152  000.620  000.620: require('nvim-treesitter.caching')
056.158  001.607  000.356: require('nvim-treesitter.query')
056.166  001.932  000.325: require('nvim-treesitter.configs')
056.167  002.258  000.326: require('nvim-treesitter.info')
056.498  000.329  000.329: require('nvim-treesitter.shell_command_selectors')
056.510  007.797  000.805: require('nvim-treesitter.install')
056.700  000.189  000.189: require('nvim-treesitter.statusline')
056.953  000.252  000.252: require('nvim-treesitter.query_predicates')
056.954  008.906  000.668: require('nvim-treesitter')
057.785  009.884  000.978: sourcing /Users/dladuke/.local/share/nvim/site/pack/deps/opt/nvim-treesitter/plugin/nvim-treesitter.lua
057.869  010.320  000.436: sourcing nvim_exec2() called at /Users/dladuke/.config/nvim/plugin/deps.lua:0
058.341  000.389  000.389: require('nvim-treesitter.indent')
058.570  000.212  000.212: require('nvim-treesitter.highlight')
058.573  011.347  000.426: require('deps.treesitter')
059.337  000.415  000.415: sourcing nvim_exec2() called at /Users/dladuke/.config/nvim/plugin/deps.lua:0
059.587  000.018  000.018: sourcing /Users/dladuke/.local/share/nvim/site/pack/deps/opt/plenary.nvim/plugin/plenary.vim
059.646  000.290  000.272: sourcing nvim_exec2() called at /Users/dladuke/.config/nvim/plugin/deps.lua:0
060.045  000.395  000.395: sourcing nvim_exec2() called at /Users/dladuke/.config/nvim/plugin/deps.lua:0
061.767  000.399  000.399: require('triptych.utils')
063.345  001.346  001.346: require('plenary.filetype')
063.350  001.582  000.236: require('triptych.fs')
063.559  000.208  000.208: require('triptych.syntax_highlighting')
063.784  000.224  000.224: require('triptych.highlight_groups')
063.786  002.744  000.330: require('triptych.float')
064.352  000.092  000.092: require('triptych.logger')
064.362  000.576  000.483: require('triptych.autocmds')
064.490  000.126  000.126: require('triptych.state')
065.146  000.001  000.001: require('nvim-web-devicons')
065.148  000.096  000.095: require('triptych.icons')
065.292  000.143  000.143: require('triptych.git')
065.400  000.107  000.107: require('triptych.diagnostics')
065.406  000.776  000.430: require('triptych.view')
065.407  000.916  000.140: require('triptych.mappings')
066.034  000.110  000.110: require('triptych.help')
066.035  000.628  000.518: require('triptych.actions')
066.294  000.257  000.257: require('triptych.event_handlers')
066.295  005.636  000.390: require('triptych.init')
066.296  006.238  000.602: require('triptych')
066.499  000.200  000.200: require('plenary')
066.764  000.260  000.260: require('triptych.config')
066.791  008.217  000.419: require('deps.files')
069.076  000.842  000.842: require('gitsigns')
069.648  000.551  000.551: require('gitsigns.highlight')
070.062  000.410  000.410: require('gitsigns.debug.log')
070.599  000.536  000.536: require('gitsigns.config')
071.092  000.244  000.244: require('gitsigns.debounce')
071.100  003.551  000.968: sourcing /Users/dladuke/.local/share/nvim/site/pack/deps/opt/gitsigns.nvim/plugin/gitsigns.lua
071.171  004.149  000.598: sourcing nvim_exec2() called at /Users/dladuke/.config/nvim/plugin/deps.lua:0
071.278  004.486  000.337: require('deps.git')
072.164  000.235  000.235: sourcing /Users/dladuke/.local/share/nvim/site/pack/deps/opt/undotree/plugin/undotree.vim
072.227  000.689  000.454: sourcing nvim_exec2() called at /Users/dladuke/.config/nvim/plugin/deps.lua:0
072.235  000.956  000.267: require('deps.history')
073.193  000.014  000.014: sourcing /Users/dladuke/.local/share/nvim/site/pack/deps/opt/plenary.nvim/plugin/plenary.vim
073.250  000.285  000.271: sourcing nvim_exec2() called at /Users/dladuke/.config/nvim/plugin/deps.lua:0
073.764  000.114  000.114: sourcing /Users/dladuke/.local/share/nvim/site/pack/deps/opt/todo-comments.nvim/plugin/todo.vim
073.826  000.572  000.457: sourcing nvim_exec2() called at /Users/dladuke/.config/nvim/plugin/deps.lua:0
075.037  000.201  000.201: require('todo-comments.util')
075.043  000.519  000.318: require('todo-comments.config')
075.628  000.395  000.395: require('todo-comments.highlight')
075.630  000.585  000.190: require('todo-comments.jump')
075.631  001.802  000.698: require('todo-comments')
075.651  003.415  000.756: require('deps.todos')
077.243  000.675  000.675: require('nvim-treesitter-textobjects')
078.366  000.502  000.502: require('nvim-treesitter.textobjects.shared')
078.368  000.931  000.429: require('nvim-treesitter.textobjects.select')
079.075  000.168  000.168: require('nvim-treesitter.textobjects.attach')
079.497  000.421  000.421: require('nvim-treesitter.textobjects.repeatable_move')
079.507  001.061  000.472: require('nvim-treesitter.textobjects.move')
080.042  000.185  000.185: require('nvim-treesitter.textobjects.swap')
080.418  000.357  000.357: require('nvim-treesitter.textobjects.lsp_interop')
080.526  004.072  000.863: sourcing /Users/dladuke/.local/share/nvim/site/pack/deps/opt/nvim-treesitter-textobjects/plugin/nvim-treesitter-textobjects.vim
080.623  004.694  000.622: sourcing nvim_exec2() called at /Users/dladuke/.config/nvim/plugin/deps.lua:0
080.948  000.309  000.309: sourcing nvim_exec2() called at /Users/dladuke/.config/nvim/plugin/deps.lua:0
081.928  000.977  000.977: require('nvim-surround')
082.529  000.600  000.600: require('nvim-surround.config')
082.644  000.114  000.114: require('nvim-surround.input')
083.356  000.421  000.421: require('nvim-surround.buffer')
083.362  007.710  000.595: require('deps.surround')
086.789  000.027  000.027: require('vim.fs')
086.809  000.468  000.441: require('vim.lsp.log')
087.473  000.662  000.662: require('vim.lsp.protocol')
088.536  001.061  001.061: require('vim.lsp.util')
089.197  000.245  000.245: require('vim.lsp.sync')
089.200  000.663  000.418: require('vim.lsp._changetracking')
089.779  000.200  000.200: require('vim.lsp._transport')
089.790  000.589  000.388: require('vim.lsp.rpc')
089.827  005.303  001.860: require('vim.lsp')
090.285  000.456  000.456: require('blink.cmp')
091.116  000.303  000.303: require('blink.cmp.lib.async')
091.754  000.295  000.295: require('blink.cmp.config.utils')
092.088  000.332  000.332: require('blink.cmp.config.keymap')
092.565  000.191  000.191: require('blink.cmp.config.completion.keyword')
093.009  000.444  000.444: require('blink.cmp.config.completion.trigger')
093.122  000.112  000.112: require('blink.cmp.config.completion.list')
093.241  000.117  000.117: require('blink.cmp.config.completion.accept')
093.558  000.316  000.316: require('blink.cmp.config.completion.menu')
093.841  000.283  000.283: require('blink.cmp.config.completion.documentation')
093.986  000.113  000.113: require('blink.cmp.config.completion.ghost_text')
093.987  001.898  000.323: require('blink.cmp.config.completion')
094.272  000.284  000.284: require('blink.cmp.config.fuzzy')
094.769  000.496  000.496: require('blink.cmp.config.sources')
094.901  000.131  000.131: require('blink.cmp.config.signature')
095.035  000.133  000.133: require('blink.cmp.config.snippets')
095.152  000.116  000.116: require('blink.cmp.config.appearance')
095.250  000.097  000.097: require('blink.cmp.config.modes.cmdline')
095.344  000.093  000.093: require('blink.cmp.config.modes.term')
095.346  004.228  000.353: require('blink.cmp.config')
095.741  000.393  000.393: require('blink.cmp.lib.utils')
095.852  000.111  000.111: require('blink.cmp.lib.event_emitter')
095.857  005.571  000.536: require('blink.cmp.sources.lib')
095.872  011.484  000.154: sourcing /Users/dladuke/.local/share/nvim/site/pack/deps/opt/blink.cmp/plugin/blink-cmp.lua
095.985  012.221  000.737: sourcing nvim_exec2() called at /Users/dladuke/.config/nvim/plugin/deps.lua:0
097.204  000.179  000.179: require('blink.cmp.config.modes.types')
098.207  000.150  000.150: require('blink.cmp.fuzzy.download.system')
098.353  000.481  000.330: require('blink.cmp.fuzzy.download.files')
098.354  000.606  000.126: require('blink.cmp.fuzzy.download.git')
098.356  000.966  000.360: require('blink.cmp.fuzzy.download')
098.942  000.425  000.425: require('vim._system')
099.903  016.541  002.750: require('deps.autocomplete')
100.960  000.130  000.130: sourcing /Users/dladuke/.local/share/nvim/site/pack/deps/opt/conform.nvim/plugin/conform.lua
101.058  000.763  000.633: sourcing nvim_exec2() called at /Users/dladuke/.config/nvim/plugin/deps.lua:0
102.328  001.264  001.264: require('conform')
102.364  002.459  000.432: require('deps.format')
103.112  000.480  000.480: sourcing nvim_exec2() called at /Users/dladuke/.config/nvim/plugin/deps.lua:0
104.016  000.901  000.901: require('lint')
104.025  001.659  000.279: require('deps.lint')
104.801  000.432  000.432: sourcing nvim_exec2() called at /Users/dladuke/.config/nvim/plugin/deps.lua:0
107.106  001.060  001.060: require('lspconfig.util')
107.626  000.511  000.511: require('vim.version')
108.674  002.911  001.340: sourcing /Users/dladuke/.local/share/nvim/site/pack/deps/opt/nvim-lspconfig/plugin/lspconfig.lua
108.789  003.985  001.074: sourcing nvim_exec2() called at /Users/dladuke/.config/nvim/plugin/deps.lua:0
109.083  000.284  000.284: require('lazydev')
109.348  000.264  000.264: require('lazydev.config')
109.618  000.261  000.261: require('lazydev.util')
109.647  005.620  000.396: require('deps.lspconfig')
112.397  000.191  000.191: sourcing /Users/dladuke/.local/share/nvim/site/pack/deps/opt/no-neck-pain.nvim/plugin/no-neck-pain.lua
112.469  002.593  002.402: sourcing nvim_exec2() called at /Users/dladuke/.config/nvim/plugin/deps.lua:0
114.390  000.217  000.217: require('no-neck-pain.util.log')
114.392  000.477  000.260: require('no-neck-pain.util.api')
114.636  000.243  000.243: require('no-neck-pain.util.constants')
115.844  000.503  000.503: require('no-neck-pain.state')
115.845  001.208  000.705: require('no-neck-pain.util.event')
116.408  000.265  000.265: require('no-neck-pain.colors')
116.410  000.564  000.299: require('no-neck-pain.ui')
116.412  003.028  000.536: require('no-neck-pain.main')
116.925  000.512  000.512: require('no-neck-pain.config')
116.928  004.455  000.915: require('no-neck-pain')
117.604  000.468  000.468: sourcing nvim_exec2() called at /Users/dladuke/.config/nvim/plugin/deps.lua:0
117.937  000.330  000.330: sourcing nvim_exec2() called at /Users/dladuke/.config/nvim/plugin/deps.lua:0
119.332  000.390  000.390: require('hardtime.config')
119.655  000.322  000.322: require('hardtime.log')
119.719  000.989  000.277: require('hardtime.util')
119.727  001.785  000.796: require('hardtime')
119.749  010.101  000.470: require('deps.meta')
120.350  000.019  000.019: sourcing /Users/dladuke/.local/share/nvim/site/pack/deps/opt/plenary.nvim/plugin/plenary.vim
120.411  000.306  000.287: sourcing nvim_exec2() called at /Users/dladuke/.config/nvim/plugin/deps.lua:0
120.813  000.399  000.399: sourcing nvim_exec2() called at /Users/dladuke/.config/nvim/plugin/deps.lua:0
122.578  000.294  000.294: require('harpoon.utils')
122.581  000.806  000.512: require('harpoon.logger')
123.196  000.159  000.159: require('harpoon.autocmd')
123.199  000.371  000.211: require('harpoon.buffer')
123.457  000.257  000.257: require('harpoon.extensions')
123.459  000.877  000.249: require('harpoon.ui')
124.245  000.785  000.785: require('harpoon.data')
124.545  000.300  000.300: require('harpoon.config')
124.819  000.273  000.273: require('harpoon.list')
128.580  007.765  004.724: require('harpoon')
128.694  008.944  000.474: require('deps.quick_navigation')
129.544  000.435  000.435: sourcing nvim_exec2() called at /Users/dladuke/.config/nvim/plugin/deps.lua:0
131.203  000.373  000.373: require('lualine_require')
131.801  002.251  001.878: require('lualine')
132.366  000.013  000.013: sourcing nvim_exec2() called at /Users/dladuke/.config/nvim/plugin/deps.lua:0
133.871  000.009  000.009: sourcing nvim_exec2() called at /Users/dladuke/.config/nvim/plugin/deps.lua:0
133.882  000.002  000.002: sourcing nvim_exec2() called at /Users/dladuke/.config/nvim/plugin/deps.lua:0
133.886  000.001  000.001: sourcing nvim_exec2() called at /Users/dladuke/.config/nvim/plugin/deps.lua:0
133.890  000.002  000.002: sourcing nvim_exec2() called at /Users/dladuke/.config/nvim/plugin/deps.lua:0
133.893  000.001  000.001: sourcing nvim_exec2() called at /Users/dladuke/.config/nvim/plugin/deps.lua:0
133.896  000.001  000.001: sourcing nvim_exec2() called at /Users/dladuke/.config/nvim/plugin/deps.lua:0
133.899  000.001  000.001: sourcing nvim_exec2() called at /Users/dladuke/.config/nvim/plugin/deps.lua:0
133.902  000.001  000.001: sourcing nvim_exec2() called at /Users/dladuke/.config/nvim/plugin/deps.lua:0
133.905  000.001  000.001: sourcing nvim_exec2() called at /Users/dladuke/.config/nvim/plugin/deps.lua:0
133.908  000.001  000.001: sourcing nvim_exec2() called at /Users/dladuke/.config/nvim/plugin/deps.lua:0
133.913  000.001  000.001: sourcing nvim_exec2() called at /Users/dladuke/.config/nvim/plugin/deps.lua:0
133.950  000.001  000.001: sourcing nvim_exec2() called at /Users/dladuke/.config/nvim/plugin/deps.lua:0
133.953  000.001  000.001: sourcing nvim_exec2() called at /Users/dladuke/.config/nvim/plugin/deps.lua:0
133.957  000.001  000.001: sourcing nvim_exec2() called at /Users/dladuke/.config/nvim/plugin/deps.lua:0
133.960  000.001  000.001: sourcing nvim_exec2() called at /Users/dladuke/.config/nvim/plugin/deps.lua:0
133.962  000.001  000.001: sourcing nvim_exec2() called at /Users/dladuke/.config/nvim/plugin/deps.lua:0
133.966  000.001  000.001: sourcing nvim_exec2() called at /Users/dladuke/.config/nvim/plugin/deps.lua:0
133.969  000.001  000.001: sourcing nvim_exec2() called at /Users/dladuke/.config/nvim/plugin/deps.lua:0
133.972  000.001  000.001: sourcing nvim_exec2() called at /Users/dladuke/.config/nvim/plugin/deps.lua:0
134.031  000.001  000.001: sourcing nvim_exec2() called at /Users/dladuke/.config/nvim/plugin/deps.lua:0
134.035  000.001  000.001: sourcing nvim_exec2() called at /Users/dladuke/.config/nvim/plugin/deps.lua:0
134.038  000.001  000.001: sourcing nvim_exec2() called at /Users/dladuke/.config/nvim/plugin/deps.lua:0
134.047  000.007  000.007: sourcing nvim_exec2() called at /Users/dladuke/.config/nvim/plugin/deps.lua:0
138.164  000.014  000.014: sourcing nvim_exec2() called at /Users/dladuke/.config/nvim/plugin/deps.lua:0
138.171  000.003  000.003: sourcing nvim_exec2() called at /Users/dladuke/.config/nvim/plugin/deps.lua:0
138.505  000.006  000.006: sourcing nvim_exec2() called at /Users/dladuke/.config/nvim/plugin/deps.lua:0
138.513  000.002  000.002: sourcing nvim_exec2() called at /Users/dladuke/.config/nvim/plugin/deps.lua:0
138.520  000.002  000.002: sourcing nvim_exec2() called at /Users/dladuke/.config/nvim/plugin/deps.lua:0
138.525  000.001  000.001: sourcing nvim_exec2() called at /Users/dladuke/.config/nvim/plugin/deps.lua:0
138.556  000.002  000.002: sourcing nvim_exec2() called at /Users/dladuke/.config/nvim/plugin/deps.lua:0
138.561  000.001  000.001: sourcing nvim_exec2() called at /Users/dladuke/.config/nvim/plugin/deps.lua:0
138.568  000.001  000.001: sourcing nvim_exec2() called at /Users/dladuke/.config/nvim/plugin/deps.lua:0
138.583  000.002  000.002: sourcing nvim_exec2() called at /Users/dladuke/.config/nvim/plugin/deps.lua:0
138.589  000.001  000.001: sourcing nvim_exec2() called at /Users/dladuke/.config/nvim/plugin/deps.lua:0
138.594  000.001  000.001: sourcing nvim_exec2() called at /Users/dladuke/.config/nvim/plugin/deps.lua:0
138.600  000.001  000.001: sourcing nvim_exec2() called at /Users/dladuke/.config/nvim/plugin/deps.lua:0
138.607  000.001  000.001: sourcing nvim_exec2() called at /Users/dladuke/.config/nvim/plugin/deps.lua:0
138.614  000.001  000.001: sourcing nvim_exec2() called at /Users/dladuke/.config/nvim/plugin/deps.lua:0
138.621  000.001  000.001: sourcing nvim_exec2() called at /Users/dladuke/.config/nvim/plugin/deps.lua:0
138.630  000.001  000.001: sourcing nvim_exec2() called at /Users/dladuke/.config/nvim/plugin/deps.lua:0
138.654  000.002  000.002: sourcing nvim_exec2() called at /Users/dladuke/.config/nvim/plugin/deps.lua:0
138.661  000.001  000.001: sourcing nvim_exec2() called at /Users/dladuke/.config/nvim/plugin/deps.lua:0
138.667  000.001  000.001: sourcing nvim_exec2() called at /Users/dladuke/.config/nvim/plugin/deps.lua:0
138.672  000.001  000.001: sourcing nvim_exec2() called at /Users/dladuke/.config/nvim/plugin/deps.lua:0
138.677  000.001  000.001: sourcing nvim_exec2() called at /Users/dladuke/.config/nvim/plugin/deps.lua:0
138.682  000.001  000.001: sourcing nvim_exec2() called at /Users/dladuke/.config/nvim/plugin/deps.lua:0
138.985  000.008  000.008: sourcing nvim_exec2() called at /Users/dladuke/.config/nvim/plugin/deps.lua:0
138.989  000.001  000.001: sourcing nvim_exec2() called at /Users/dladuke/.config/nvim/plugin/deps.lua:0
138.993  000.002  000.002: sourcing nvim_exec2() called at /Users/dladuke/.config/nvim/plugin/deps.lua:0
138.996  000.002  000.002: sourcing nvim_exec2() called at /Users/dladuke/.config/nvim/plugin/deps.lua:0
140.396  000.003  000.003: sourcing nvim_exec2() called at /Users/dladuke/.config/nvim/plugin/deps.lua:0
140.507  000.002  000.002: sourcing nvim_exec2() called at /Users/dladuke/.config/nvim/plugin/deps.lua:0
140.525  000.008  000.008: sourcing nvim_exec2() called at /Users/dladuke/.config/nvim/plugin/deps.lua:0
140.553  000.005  000.005: sourcing nvim_exec2() called at /Users/dladuke/.config/nvim/plugin/deps.lua:0
140.562  000.007  000.007: sourcing nvim_exec2() called at /Users/dladuke/.config/nvim/plugin/deps.lua:0
140.568  000.003  000.003: sourcing nvim_exec2() called at /Users/dladuke/.config/nvim/plugin/deps.lua:0
140.573  000.002  000.002: sourcing nvim_exec2() called at /Users/dladuke/.config/nvim/plugin/deps.lua:0
140.578  000.002  000.002: sourcing nvim_exec2() called at /Users/dladuke/.config/nvim/plugin/deps.lua:0
140.585  000.005  000.005: sourcing nvim_exec2() called at /Users/dladuke/.config/nvim/plugin/deps.lua:0
140.587  011.892  009.058: require('deps.statusline')
141.491  000.553  000.553: sourcing nvim_exec2() called at /Users/dladuke/.config/nvim/plugin/deps.lua:0
142.798  001.288  001.288: require('alpha')
142.837  002.248  000.407: require('deps.dashboard')
144.021  001.183  001.183: require('diy-plugins.messages')
144.023  136.840  000.237: sourcing /Users/dladuke/.config/nvim/plugin/deps.lua
144.412  000.348  000.348: sourcing /Users/dladuke/.config/nvim/plugin/lsp.lua
144.745  000.303  000.303: sourcing /Users/dladuke/.config/nvim/plugin/working-txt.lua
146.018  000.634  000.634: sourcing /opt/homebrew/Cellar/neovim/0.11.1/share/nvim/runtime/plugin/gzip.vim
147.309  000.227  000.227: sourcing /opt/homebrew/Cellar/neovim/0.11.1/share/nvim/runtime/pack/dist/opt/matchit/plugin/matchit.vim
147.342  001.284  001.057: sourcing /opt/homebrew/Cellar/neovim/0.11.1/share/nvim/runtime/plugin/matchit.vim
147.591  000.214  000.214: sourcing /opt/homebrew/Cellar/neovim/0.11.1/share/nvim/runtime/plugin/matchparen.vim
148.620  000.294  000.294: sourcing /opt/homebrew/Cellar/neovim/0.11.1/share/nvim/runtime/pack/dist/opt/netrw/plugin/netrwPlugin.vim
148.652  001.026  000.731: sourcing /opt/homebrew/Cellar/neovim/0.11.1/share/nvim/runtime/plugin/netrwPlugin.vim
148.824  000.123  000.123: sourcing /opt/homebrew/Cellar/neovim/0.11.1/share/nvim/runtime/plugin/rplugin.vim
149.025  000.162  000.162: sourcing /opt/homebrew/Cellar/neovim/0.11.1/share/nvim/runtime/plugin/shada.vim
149.102  000.034  000.034: sourcing /opt/homebrew/Cellar/neovim/0.11.1/share/nvim/runtime/plugin/spellfile.vim
149.212  000.068  000.068: sourcing /opt/homebrew/Cellar/neovim/0.11.1/share/nvim/runtime/plugin/tarPlugin.vim
149.376  000.123  000.123: sourcing /opt/homebrew/Cellar/neovim/0.11.1/share/nvim/runtime/plugin/tutor.vim
149.585  000.165  000.165: sourcing /opt/homebrew/Cellar/neovim/0.11.1/share/nvim/runtime/plugin/zipPlugin.vim
149.707  000.074  000.074: sourcing /opt/homebrew/Cellar/neovim/0.11.1/share/nvim/runtime/plugin/editorconfig.lua
149.864  000.113  000.113: sourcing /opt/homebrew/Cellar/neovim/0.11.1/share/nvim/runtime/plugin/man.lua
149.993  000.086  000.086: sourcing /opt/homebrew/Cellar/neovim/0.11.1/share/nvim/runtime/plugin/osc52.lua
150.095  000.060  000.060: sourcing /opt/homebrew/Cellar/neovim/0.11.1/share/nvim/runtime/plugin/tohtml.lua
150.124  002.063: loading rtp plugins
150.305  000.181: loading packages
150.763  000.457: loading after plugins
150.770  000.008: inits 3
152.271  001.501: reading ShaDa
152.337  000.066: opening buffers
154.152  001.799  001.799: require('vim.diagnostic')
154.366  000.095  000.095: sourcing nvim_exec2() called at BufEnter Autocommands for "*":0
160.786  000.071  000.071: sourcing nvim_exec2() called at BufEnter Autocommands for "*":0
163.644  009.342: BufEnter autocommands
163.849  000.205: editing files in windows
167.687  003.838: VimEnter autocommands
168.105  000.404  000.404: require('vim.termcap')
168.158  000.014  000.014: require('vim.text')
168.169  000.064: UIEnter autocommands
169.723  000.649  000.649: require('gitsigns.async')
169.842  001.109  000.460: sourcing /opt/homebrew/Cellar/neovim/0.11.1/share/nvim/runtime/autoload/provider/clipboard.vim
169.846  000.568: before starting main loop
170.216  000.370: first screen update
170.218  000.001: --- NVIM STARTED ---

--- Startup times for process: Primary (or UI client) ---

times in msec
 clock   self+sourced   self:  sourced script
 clock   elapsed:              other lines

000.000  000.000: --- NVIM STARTING ---
000.047  000.046: event init
000.270  000.224: early init
000.675  000.405: locale set
000.695  000.019: init first window
001.006  000.311: inits 1
001.010  000.004: window checked
001.051  000.041: parsing arguments
001.707  000.023  000.023: require('vim.shared')
001.756  000.019  000.019: require('vim.inspect')
001.779  000.018  000.018: require('vim._options')
001.781  000.072  000.034: require('vim._editor')
001.781  000.116  000.021: require('vim._init_packages')
001.782  000.615: init lua interpreter
003.429  001.646: nvim_ui_attach
003.718  000.289: nvim_set_client_info
003.720  000.002: --- NVIM STARTED ---

--- Startup times for process: Embedded ---

times in msec
 clock   self+sourced   self:  sourced script
 clock   elapsed:              other lines

000.000  000.000: --- NVIM STARTING ---
000.053  000.052: event init
000.132  000.080: early init
000.373  000.240: locale set
000.391  000.018: init first window
000.638  000.247: inits 1
000.648  000.010: window checked
000.690  000.042: parsing arguments
000.975  000.024  000.024: require('vim.shared')
001.026  000.020  000.020: require('vim.inspect')
001.049  000.019  000.019: require('vim._options')
001.050  000.073  000.035: require('vim._editor')
001.051  000.115  000.018: require('vim._init_packages')
001.052  000.247: init lua interpreter
002.364  001.312: expanding arguments
002.374  000.010: inits 2
002.544  000.170: init highlight
002.545  000.001: waiting for UI
002.614  000.069: done waiting for UI
002.616  000.003: clear screen
002.699  000.009  000.009: require('vim.keymap')
003.364  000.107  000.107: sourcing nvim_exec2()
003.458  000.839  000.723: require('vim._defaults')
003.459  000.003: init default mappings & autocommands
004.426  000.204  000.204: sourcing /opt/homebrew/Cellar/neovim/0.11.1/share/nvim/runtime/ftplugin.vim
004.699  000.224  000.224: sourcing /opt/homebrew/Cellar/neovim/0.11.1/share/nvim/runtime/indent.vim
005.603  000.003  000.003: sourcing nvim_exec2() called at /Users/dladuke/.config/nvim/init.lua:0
005.606  000.001  000.001: sourcing nvim_exec2() called at /Users/dladuke/.config/nvim/init.lua:0
005.608  000.001  000.001: sourcing nvim_exec2() called at /Users/dladuke/.config/nvim/init.lua:0
005.610  000.001  000.001: sourcing nvim_exec2() called at /Users/dladuke/.config/nvim/init.lua:0
005.612  000.001  000.001: sourcing nvim_exec2() called at /Users/dladuke/.config/nvim/init.lua:0
005.614  000.001  000.001: sourcing nvim_exec2() called at /Users/dladuke/.config/nvim/init.lua:0
005.616  000.001  000.001: sourcing nvim_exec2() called at /Users/dladuke/.config/nvim/init.lua:0
005.617  000.001  000.001: sourcing nvim_exec2() called at /Users/dladuke/.config/nvim/init.lua:0
005.622  000.846  000.838: sourcing /Users/dladuke/.config/nvim/init.lua
005.627  000.894: sourcing vimrc file(s)
006.090  000.116  000.116: sourcing /Applications/Ghostty.app/Contents/Resources/ghostty/../nvim/site/ftdetect/ghostty.vim
006.103  000.223  000.107: sourcing nvim_exec2() called at /opt/homebrew/Cellar/neovim/0.11.1/share/nvim/runtime/filetype.lua:0
006.104  000.423  000.200: sourcing /opt/homebrew/Cellar/neovim/0.11.1/share/nvim/runtime/filetype.lua
006.543  000.150  000.150: sourcing /opt/homebrew/Cellar/neovim/0.11.1/share/nvim/runtime/syntax/synload.vim
006.598  000.448  000.298: sourcing /opt/homebrew/Cellar/neovim/0.11.1/share/nvim/runtime/syntax/syntax.vim
008.976  001.569  001.569: require('mini.deps')
008.999  000.004  000.004: sourcing nvim_exec2() called at /Users/dladuke/.config/nvim/plugin/deps.lua:0
009.031  000.005  000.005: require('vim.F')
010.149  000.290  000.290: sourcing nvim_exec2() called at /Users/dladuke/.config/nvim/plugin/deps.lua:0
010.997  000.844  000.844: require('kanagawa')
011.640  000.258  000.258: require('kanagawa.utils')
012.158  000.510  000.510: require('kanagawa.colors')
013.136  000.476  000.476: require('kanagawa.lib.hsluv')
013.139  000.618  000.142: require('kanagawa.lib.color')
013.141  000.946  000.328: require('kanagawa.themes')
013.339  000.137  000.137: require('kanagawa.highlights')
013.683  000.342  000.342: require('kanagawa.highlights.editor')
013.843  000.128  000.128: require('kanagawa.highlights.syntax')
014.206  000.345  000.345: require('kanagawa.highlights.treesitter')
014.383  000.153  000.153: require('kanagawa.highlights.lsp')
014.906  000.513  000.513: require('kanagawa.highlights.plugins')
015.316  004.060  000.727: sourcing /Users/dladuke/.local/share/nvim/site/pack/deps/opt/kanagawa.nvim/colors/kanagawa-dragon.vim
015.339  006.302  001.108: require('deps.theme')
015.968  000.268  000.268: sourcing nvim_exec2() called at /Users/dladuke/.config/nvim/plugin/deps.lua:0
018.093  002.123  002.123: require('mini.icons')
018.830  000.394  000.394: require('vim.health')
018.832  000.705  000.311: require('vim.deprecated.health')
019.477  000.617  000.617: require('vim.iter')
019.701  004.361  000.648: require('deps.icons')
020.538  000.304  000.304: sourcing nvim_exec2() called at /Users/dladuke/.config/nvim/plugin/deps.lua:0
021.423  000.882  000.882: require('quicker')
021.760  000.336  000.336: require('quicker.config')
021.857  002.155  000.633: require('deps.quickfix')
022.552  000.279  000.279: sourcing nvim_exec2() called at /Users/dladuke/.config/nvim/plugin/deps.lua:0
023.263  000.121  000.121: sourcing /Users/dladuke/.local/share/nvim/site/pack/deps/opt/plenary.nvim/plugin/plenary.vim
023.324  000.676  000.555: sourcing nvim_exec2() called at /Users/dladuke/.config/nvim/plugin/deps.lua:0
023.517  000.190  000.190: sourcing nvim_exec2() called at /Users/dladuke/.config/nvim/plugin/deps.lua:0
024.078  000.144  000.144: sourcing /Users/dladuke/.local/share/nvim/site/pack/deps/opt/nvim-web-devicons/plugin/nvim-web-devicons.vim
024.138  000.619  000.474: sourcing nvim_exec2() called at /Users/dladuke/.config/nvim/plugin/deps.lua:0
024.369  000.229  000.229: sourcing nvim_exec2() called at /Users/dladuke/.config/nvim/plugin/deps.lua:0
025.210  000.302  000.302: sourcing /Users/dladuke/.local/share/nvim/site/pack/deps/opt/telescope.nvim/plugin/telescope.lua
025.271  000.872  000.570: sourcing nvim_exec2() called at /Users/dladuke/.config/nvim/plugin/deps.lua:0
026.340  000.289  000.289: require('telescope._extensions')
026.342  001.068  000.779: require('telescope')
029.349  000.431  000.431: require('plenary.bit')
029.694  000.343  000.343: require('plenary.functional')
029.716  000.014  000.014: require('ffi')
029.732  001.529  000.741: require('plenary.path')
029.787  001.958  000.429: require('plenary.strings')
029.979  000.191  000.191: require('telescope.deprecated')
030.941  000.363  000.363: require('plenary.log')
030.972  000.563  000.200: require('telescope.log')
031.915  000.186  000.186: require('plenary.compat')
031.921  000.522  000.336: require('plenary.job')
032.114  000.192  000.192: require('telescope.state')
032.133  001.160  000.446: require('telescope.utils')
032.138  002.158  000.435: require('telescope.sorters')
032.937  005.549  001.241: require('telescope.config')
033.572  000.336  000.336: require('plenary.window.border')
033.777  000.205  000.205: require('plenary.window')
034.006  000.228  000.228: require('plenary.popup.utils')
034.009  001.071  000.303: require('plenary.popup')
034.923  000.913  000.913: require('telescope.pickers.scroller')
035.135  000.211  000.211: require('telescope.actions.state')
035.967  000.831  000.831: require('telescope.actions.utils')
036.641  000.290  000.290: require('telescope.actions.mt')
036.649  000.680  000.390: require('telescope.actions.set')
037.168  000.259  000.259: require('telescope.config.resolve')
037.170  000.520  000.260: require('telescope.pickers.entry_display')
037.272  000.102  000.102: require('telescope.from_entry')
037.657  011.314  001.437: require('telescope.actions')
037.812  000.154  000.154: require('telescope.themes')
038.160  000.347  000.347: require('telescope.builtin')
040.102  000.404  000.404: require('telescope._extensions.ui-select')
041.953  000.115  000.115: require('plenary.tbl')
041.955  000.301  000.186: require('plenary.vararg.rotate')
041.956  000.401  000.101: require('plenary.vararg')
042.052  000.095  000.095: require('plenary.errors')
042.056  000.684  000.187: require('plenary.async.async')
042.815  000.124  000.124: require('plenary.async.structs')
042.821  000.415  000.291: require('plenary.async.control')
042.833  000.653  000.237: require('plenary.async.util')
042.836  000.775  000.123: require('plenary.async.tests')
042.837  001.750  000.291: require('plenary.async')
043.074  000.236  000.236: require('telescope.debounce')
043.385  000.310  000.310: require('telescope.mappings')
043.523  000.137  000.137: require('telescope.pickers.highlights')
043.620  000.096  000.096: require('telescope.pickers.window')
043.859  000.208  000.208: require('telescope.pickers.layout')
044.313  000.265  000.265: require('telescope.algos.linked_list')
044.315  000.455  000.190: require('telescope.entry_manager')
044.415  000.099  000.099: require('telescope.pickers.multi')
044.423  004.319  001.029: require('telescope.pickers')
045.650  000.889  000.889: require('telescope.make_entry')
045.761  000.110  000.110: require('telescope.finders.async_static_finder')
046.373  000.112  000.112: require('plenary.class')
046.380  000.504  000.392: require('telescope._')
046.381  000.619  000.115: require('telescope.finders.async_oneshot_finder')
046.490  000.109  000.109: require('telescope.finders.async_job_finder')
046.493  002.070  000.343: require('telescope.finders')
046.916  000.400  000.400: require('vim.ui')
046.986  025.127  002.186: require('deps.picker')
049.579  000.283  000.283: require('nvim-treesitter.utils')
052.480  000.306  000.306: require('vim.treesitter.language')
052.680  000.199  000.199: require('vim.func')
052.894  000.212  000.212: require('vim.func._memoize')
052.913  001.228  000.511: require('vim.treesitter.query')
053.299  000.385  000.385: require('vim.treesitter._range')
053.307  002.484  000.871: require('vim.treesitter.languagetree')
053.311  002.892  000.408: require('vim.treesitter')
053.674  004.094  001.201: require('nvim-treesitter.parsers')
054.892  000.213  000.213: require('nvim-treesitter.compat')
055.630  000.493  000.493: require('nvim-treesitter.ts_utils')
055.633  000.740  000.247: require('nvim-treesitter.tsrange')
055.905  000.271  000.271: require('nvim-treesitter.caching')
055.910  001.592  000.368: require('nvim-treesitter.query')
055.918  001.920  000.328: require('nvim-treesitter.configs')
055.920  002.245  000.325: require('nvim-treesitter.info')
056.235  000.314  000.314: require('nvim-treesitter.shell_command_selectors')
056.247  007.612  000.676: require('nvim-treesitter.install')
056.354  000.106  000.106: require('nvim-treesitter.statusline')
056.603  000.248  000.248: require('nvim-treesitter.query_predicates')
056.604  008.640  000.674: require('nvim-treesitter')
057.170  009.329  000.689: sourcing /Users/dladuke/.local/share/nvim/site/pack/deps/opt/nvim-treesitter/plugin/nvim-treesitter.lua
057.255  009.902  000.572: sourcing nvim_exec2() called at /Users/dladuke/.config/nvim/plugin/deps.lua:0
057.745  000.405  000.405: require('nvim-treesitter.indent')
057.865  000.108  000.108: require('nvim-treesitter.highlight')
057.867  010.880  000.464: require('deps.treesitter')
058.636  000.311  000.311: sourcing nvim_exec2() called at /Users/dladuke/.config/nvim/plugin/deps.lua:0
058.873  000.019  000.019: sourcing /Users/dladuke/.local/share/nvim/site/pack/deps/opt/plenary.nvim/plugin/plenary.vim
058.934  000.295  000.276: sourcing nvim_exec2() called at /Users/dladuke/.config/nvim/plugin/deps.lua:0
059.209  000.273  000.273: sourcing nvim_exec2() called at /Users/dladuke/.config/nvim/plugin/deps.lua:0
061.165  000.396  000.396: require('triptych.utils')
062.830  001.384  001.384: require('plenary.filetype')
062.839  001.672  000.288: require('triptych.fs')
063.078  000.239  000.239: require('triptych.syntax_highlighting')
063.324  000.244  000.244: require('triptych.highlight_groups')
063.327  002.939  000.388: require('triptych.float')
063.922  000.122  000.122: require('triptych.logger')
063.930  000.603  000.481: require('triptych.autocmds')
064.068  000.137  000.137: require('triptych.state')
064.769  000.001  000.001: require('nvim-web-devicons')
064.771  000.120  000.119: require('triptych.icons')
064.920  000.149  000.149: require('triptych.git')
065.033  000.112  000.112: require('triptych.diagnostics')
065.040  000.834  000.454: require('triptych.view')
065.041  000.972  000.138: require('triptych.mappings')
065.765  000.130  000.130: require('triptych.help')
065.767  000.724  000.594: require('triptych.actions')
066.029  000.261  000.261: require('triptych.event_handlers')
066.032  006.046  000.410: require('triptych.init')
066.033  006.820  000.774: require('triptych')
066.243  000.206  000.206: require('plenary')
066.509  000.260  000.260: require('triptych.config')
066.538  008.671  000.506: require('deps.files')
068.223  000.807  000.807: require('gitsigns')
068.731  000.484  000.484: require('gitsigns.highlight')
069.162  000.427  000.427: require('gitsigns.debug.log')
069.763  000.600  000.600: require('gitsigns.config')
070.367  000.273  000.273: require('gitsigns.debounce')
070.378  003.082  000.491: sourcing /Users/dladuke/.local/share/nvim/site/pack/deps/opt/gitsigns.nvim/plugin/gitsigns.lua
070.455  003.625  000.543: sourcing nvim_exec2() called at /Users/dladuke/.config/nvim/plugin/deps.lua:0
070.524  003.985  000.359: require('deps.git')
071.345  000.255  000.255: sourcing /Users/dladuke/.local/share/nvim/site/pack/deps/opt/undotree/plugin/undotree.vim
071.404  000.600  000.345: sourcing nvim_exec2() called at /Users/dladuke/.config/nvim/plugin/deps.lua:0
071.411  000.886  000.286: require('deps.history')
072.486  000.016  000.016: sourcing /Users/dladuke/.local/share/nvim/site/pack/deps/opt/plenary.nvim/plugin/plenary.vim
072.557  000.320  000.304: sourcing nvim_exec2() called at /Users/dladuke/.config/nvim/plugin/deps.lua:0
073.111  000.123  000.123: sourcing /Users/dladuke/.local/share/nvim/site/pack/deps/opt/todo-comments.nvim/plugin/todo.vim
073.178  000.618  000.495: sourcing nvim_exec2() called at /Users/dladuke/.config/nvim/plugin/deps.lua:0
074.478  000.227  000.227: require('todo-comments.util')
074.485  000.567  000.340: require('todo-comments.config')
075.070  000.388  000.388: require('todo-comments.highlight')
075.073  000.587  000.200: require('todo-comments.jump')
075.075  001.881  000.726: require('todo-comments')
075.097  003.685  000.866: require('deps.todos')
077.054  000.821  000.821: require('nvim-treesitter-textobjects')
078.158  000.564  000.564: require('nvim-treesitter.textobjects.shared')
078.160  000.947  000.382: require('nvim-treesitter.textobjects.select')
079.035  000.334  000.334: require('nvim-treesitter.textobjects.attach')
079.503  000.467  000.467: require('nvim-treesitter.textobjects.repeatable_move')
079.520  001.321  000.521: require('nvim-treesitter.textobjects.move')
080.250  000.302  000.302: require('nvim-treesitter.textobjects.swap')
080.746  000.451  000.451: require('nvim-treesitter.textobjects.lsp_interop')
080.780  004.669  000.827: sourcing /Users/dladuke/.local/share/nvim/site/pack/deps/opt/nvim-treesitter-textobjects/plugin/nvim-treesitter-textobjects.vim
080.887  005.474  000.805: sourcing nvim_exec2() called at /Users/dladuke/.config/nvim/plugin/deps.lua:0
081.165  000.270  000.270: sourcing nvim_exec2() called at /Users/dladuke/.config/nvim/plugin/deps.lua:0
082.446  001.278  001.278: require('nvim-surround')
083.061  000.614  000.614: require('nvim-surround.config')
083.300  000.238  000.238: require('nvim-surround.input')
084.151  000.412  000.412: require('nvim-surround.buffer')
084.155  009.056  000.772: require('deps.surround')
087.495  000.025  000.025: require('vim.fs')
087.510  000.466  000.442: require('vim.lsp.log')
088.086  000.575  000.575: require('vim.lsp.protocol')
089.119  001.031  001.031: require('vim.lsp.util')
089.765  000.241  000.241: require('vim.lsp.sync')
089.768  000.648  000.407: require('vim.lsp._changetracking')
090.326  000.194  000.194: require('vim.lsp._transport')
090.336  000.567  000.373: require('vim.lsp.rpc')
090.370  005.064  001.777: require('vim.lsp')
090.842  000.471  000.471: require('blink.cmp')
091.608  000.331  000.331: require('blink.cmp.lib.async')
092.307  000.313  000.313: require('blink.cmp.config.utils')
092.685  000.373  000.373: require('blink.cmp.config.keymap')
093.203  000.206  000.206: require('blink.cmp.config.completion.keyword')
093.631  000.427  000.427: require('blink.cmp.config.completion.trigger')
093.768  000.135  000.135: require('blink.cmp.config.completion.list')
093.904  000.135  000.135: require('blink.cmp.config.completion.accept')
094.223  000.318  000.318: require('blink.cmp.config.completion.menu')
094.492  000.268  000.268: require('blink.cmp.config.completion.documentation')
094.620  000.103  000.103: require('blink.cmp.config.completion.ghost_text')
094.621  001.935  000.343: require('blink.cmp.config.completion')
094.908  000.286  000.286: require('blink.cmp.config.fuzzy')
095.412  000.504  000.504: require('blink.cmp.config.sources')
095.562  000.148  000.148: require('blink.cmp.config.signature')
095.708  000.145  000.145: require('blink.cmp.config.snippets')
095.820  000.111  000.111: require('blink.cmp.config.appearance')
095.919  000.098  000.098: require('blink.cmp.config.modes.cmdline')
096.014  000.094  000.094: require('blink.cmp.config.modes.term')
096.016  004.407  000.400: require('blink.cmp.config')
096.383  000.367  000.367: require('blink.cmp.lib.utils')
096.490  000.106  000.106: require('blink.cmp.lib.event_emitter')
096.494  005.651  000.440: require('blink.cmp.sources.lib')
096.531  011.403  000.217: sourcing /Users/dladuke/.local/share/nvim/site/pack/deps/opt/blink.cmp/plugin/blink-cmp.lua
096.625  012.019  000.616: sourcing nvim_exec2() called at /Users/dladuke/.config/nvim/plugin/deps.lua:0
097.578  000.146  000.146: require('blink.cmp.config.modes.types')
098.506  000.145  000.145: require('blink.cmp.fuzzy.download.system')
098.559  000.382  000.237: require('blink.cmp.fuzzy.download.files')
098.560  000.530  000.148: require('blink.cmp.fuzzy.download.git')
098.562  000.861  000.331: require('blink.cmp.fuzzy.download')
098.993  000.390  000.390: require('vim._system')
099.726  015.570  002.154: require('deps.autocomplete')
101.069  000.394  000.394: sourcing /Users/dladuke/.local/share/nvim/site/pack/deps/opt/conform.nvim/plugin/conform.lua
101.158  000.989  000.595: sourcing nvim_exec2() called at /Users/dladuke/.config/nvim/plugin/deps.lua:0
102.431  001.268  001.268: require('conform')
102.455  002.728  000.471: require('deps.format')
103.055  000.356  000.356: sourcing nvim_exec2() called at /Users/dladuke/.config/nvim/plugin/deps.lua:0
104.123  001.065  001.065: require('lint')
104.134  001.677  000.257: require('deps.lint')
104.729  000.296  000.296: sourcing nvim_exec2() called at /Users/dladuke/.config/nvim/plugin/deps.lua:0
106.407  000.906  000.906: require('lspconfig.util')
106.837  000.418  000.418: require('vim.version')
107.741  002.476  001.152: sourcing /Users/dladuke/.local/share/nvim/site/pack/deps/opt/nvim-lspconfig/plugin/lspconfig.lua
107.827  003.094  000.617: sourcing nvim_exec2() called at /Users/dladuke/.config/nvim/plugin/deps.lua:0
108.196  000.366  000.366: require('lazydev')
108.434  000.237  000.237: require('lazydev.config')
108.692  000.245  000.245: require('lazydev.util')
108.712  004.577  000.339: require('deps.lspconfig')
110.312  000.142  000.142: sourcing /Users/dladuke/.local/share/nvim/site/pack/deps/opt/no-neck-pain.nvim/plugin/no-neck-pain.lua
110.383  001.465  001.323: sourcing nvim_exec2() called at /Users/dladuke/.config/nvim/plugin/deps.lua:0
112.332  000.213  000.213: require('no-neck-pain.util.log')
112.334  000.488  000.276: require('no-neck-pain.util.api')
112.573  000.238  000.238: require('no-neck-pain.util.constants')
114.051  000.751  000.751: require('no-neck-pain.state')
114.052  001.478  000.727: require('no-neck-pain.util.event')
114.621  000.260  000.260: require('no-neck-pain.colors')
114.623  000.570  000.310: require('no-neck-pain.ui')
114.625  003.483  000.708: require('no-neck-pain.main')
115.151  000.524  000.524: require('no-neck-pain.config')
115.153  004.767  000.760: require('no-neck-pain')
115.662  000.285  000.285: sourcing nvim_exec2() called at /Users/dladuke/.config/nvim/plugin/deps.lua:0
115.911  000.246  000.246: sourcing nvim_exec2() called at /Users/dladuke/.config/nvim/plugin/deps.lua:0
117.570  000.513  000.513: require('hardtime.config')
117.903  000.332  000.332: require('hardtime.log')
117.994  001.158  000.313: require('hardtime.util')
118.002  002.089  000.931: require('hardtime')
118.024  009.311  000.458: require('deps.meta')
118.662  000.020  000.020: sourcing /Users/dladuke/.local/share/nvim/site/pack/deps/opt/plenary.nvim/plugin/plenary.vim
118.727  000.333  000.313: sourcing nvim_exec2() called at /Users/dladuke/.config/nvim/plugin/deps.lua:0
118.976  000.246  000.246: sourcing nvim_exec2() called at /Users/dladuke/.config/nvim/plugin/deps.lua:0
120.364  000.302  000.302: require('harpoon.utils')
120.367  000.538  000.237: require('harpoon.logger')
121.066  000.210  000.210: require('harpoon.autocmd')
121.068  000.426  000.216: require('harpoon.buffer')
122.008  000.939  000.939: require('harpoon.extensions')
122.010  001.642  000.278: require('harpoon.ui')
122.175  000.164  000.164: require('harpoon.data')
122.460  000.285  000.285: require('harpoon.config')
122.766  000.304  000.304: require('harpoon.list')
126.125  007.146  004.214: require('harpoon')
126.198  008.173  000.447: require('deps.quick_navigation')
126.885  000.325  000.325: sourcing nvim_exec2() called at /Users/dladuke/.config/nvim/plugin/deps.lua:0
128.512  000.321  000.321: require('lualine_require')
129.089  002.200  001.879: require('lualine')
129.302  000.010  000.010: sourcing nvim_exec2() called at /Users/dladuke/.config/nvim/plugin/deps.lua:0
130.568  000.007  000.007: sourcing nvim_exec2() called at /Users/dladuke/.config/nvim/plugin/deps.lua:0
130.577  000.002  000.002: sourcing nvim_exec2() called at /Users/dladuke/.config/nvim/plugin/deps.lua:0
130.625  000.002  000.002: sourcing nvim_exec2() called at /Users/dladuke/.config/nvim/plugin/deps.lua:0
130.629  000.001  000.001: sourcing nvim_exec2() called at /Users/dladuke/.config/nvim/plugin/deps.lua:0
130.633  000.001  000.001: sourcing nvim_exec2() called at /Users/dladuke/.config/nvim/plugin/deps.lua:0
130.636  000.001  000.001: sourcing nvim_exec2() called at /Users/dladuke/.config/nvim/plugin/deps.lua:0
130.643  000.001  000.001: sourcing nvim_exec2() called at /Users/dladuke/.config/nvim/plugin/deps.lua:0
130.646  000.001  000.001: sourcing nvim_exec2() called at /Users/dladuke/.config/nvim/plugin/deps.lua:0
130.649  000.001  000.001: sourcing nvim_exec2() called at /Users/dladuke/.config/nvim/plugin/deps.lua:0
130.707  000.001  000.001: sourcing nvim_exec2() called at /Users/dladuke/.config/nvim/plugin/deps.lua:0
130.710  000.001  000.001: sourcing nvim_exec2() called at /Users/dladuke/.config/nvim/plugin/deps.lua:0
130.713  000.001  000.001: sourcing nvim_exec2() called at /Users/dladuke/.config/nvim/plugin/deps.lua:0
130.716  000.001  000.001: sourcing nvim_exec2() called at /Users/dladuke/.config/nvim/plugin/deps.lua:0
130.720  000.001  000.001: sourcing nvim_exec2() called at /Users/dladuke/.config/nvim/plugin/deps.lua:0
130.722  000.001  000.001: sourcing nvim_exec2() called at /Users/dladuke/.config/nvim/plugin/deps.lua:0
130.753  000.001  000.001: sourcing nvim_exec2() called at /Users/dladuke/.config/nvim/plugin/deps.lua:0
130.757  000.001  000.001: sourcing nvim_exec2() called at /Users/dladuke/.config/nvim/plugin/deps.lua:0
130.760  000.001  000.001: sourcing nvim_exec2() called at /Users/dladuke/.config/nvim/plugin/deps.lua:0
130.763  000.001  000.001: sourcing nvim_exec2() called at /Users/dladuke/.config/nvim/plugin/deps.lua:0
130.784  000.001  000.001: sourcing nvim_exec2() called at /Users/dladuke/.config/nvim/plugin/deps.lua:0
130.792  000.001  000.001: sourcing nvim_exec2() called at /Users/dladuke/.config/nvim/plugin/deps.lua:0
130.867  000.001  000.001: sourcing nvim_exec2() called at /Users/dladuke/.config/nvim/plugin/deps.lua:0
130.877  000.007  000.007: sourcing nvim_exec2() called at /Users/dladuke/.config/nvim/plugin/deps.lua:0
135.277  000.021  000.021: sourcing nvim_exec2() called at /Users/dladuke/.config/nvim/plugin/deps.lua:0
135.291  000.004  000.004: sourcing nvim_exec2() called at /Users/dladuke/.config/nvim/plugin/deps.lua:0
135.724  000.006  000.006: sourcing nvim_exec2() called at /Users/dladuke/.config/nvim/plugin/deps.lua:0
135.733  000.002  000.002: sourcing nvim_exec2() called at /Users/dladuke/.config/nvim/plugin/deps.lua:0
135.739  000.002  000.002: sourcing nvim_exec2() called at /Users/dladuke/.config/nvim/plugin/deps.lua:0
135.746  000.001  000.001: sourcing nvim_exec2() called at /Users/dladuke/.config/nvim/plugin/deps.lua:0
135.794  000.002  000.002: sourcing nvim_exec2() called at /Users/dladuke/.config/nvim/plugin/deps.lua:0
135.802  000.002  000.002: sourcing nvim_exec2() called at /Users/dladuke/.config/nvim/plugin/deps.lua:0
135.826  000.001  000.001: sourcing nvim_exec2() called at /Users/dladuke/.config/nvim/plugin/deps.lua:0
135.836  000.001  000.001: sourcing nvim_exec2() called at /Users/dladuke/.config/nvim/plugin/deps.lua:0
135.884  000.001  000.001: sourcing nvim_exec2() called at /Users/dladuke/.config/nvim/plugin/deps.lua:0
135.891  000.001  000.001: sourcing nvim_exec2() called at /Users/dladuke/.config/nvim/plugin/deps.lua:0
135.935  000.001  000.001: sourcing nvim_exec2() called at /Users/dladuke/.config/nvim/plugin/deps.lua:0
135.978  000.001  000.001: sourcing nvim_exec2() called at /Users/dladuke/.config/nvim/plugin/deps.lua:0
136.017  000.001  000.001: sourcing nvim_exec2() called at /Users/dladuke/.config/nvim/plugin/deps.lua:0
136.055  000.001  000.001: sourcing nvim_exec2() called at /Users/dladuke/.config/nvim/plugin/deps.lua:0
136.082  000.002  000.002: sourcing nvim_exec2() called at /Users/dladuke/.config/nvim/plugin/deps.lua:0
136.089  000.001  000.001: sourcing nvim_exec2() called at /Users/dladuke/.config/nvim/plugin/deps.lua:0
136.094  000.001  000.001: sourcing nvim_exec2() called at /Users/dladuke/.config/nvim/plugin/deps.lua:0
136.099  000.001  000.001: sourcing nvim_exec2() called at /Users/dladuke/.config/nvim/plugin/deps.lua:0
136.104  000.001  000.001: sourcing nvim_exec2() called at /Users/dladuke/.config/nvim/plugin/deps.lua:0
136.121  000.001  000.001: sourcing nvim_exec2() called at /Users/dladuke/.config/nvim/plugin/deps.lua:0
136.126  000.001  000.001: sourcing nvim_exec2() called at /Users/dladuke/.config/nvim/plugin/deps.lua:0
136.390  000.006  000.006: sourcing nvim_exec2() called at /Users/dladuke/.config/nvim/plugin/deps.lua:0
136.394  000.001  000.001: sourcing nvim_exec2() called at /Users/dladuke/.config/nvim/plugin/deps.lua:0
136.398  000.002  000.002: sourcing nvim_exec2() called at /Users/dladuke/.config/nvim/plugin/deps.lua:0
136.402  000.002  000.002: sourcing nvim_exec2() called at /Users/dladuke/.config/nvim/plugin/deps.lua:0
138.331  000.004  000.004: sourcing nvim_exec2() called at /Users/dladuke/.config/nvim/plugin/deps.lua:0
138.389  000.002  000.002: sourcing nvim_exec2() called at /Users/dladuke/.config/nvim/plugin/deps.lua:0
138.407  000.009  000.009: sourcing nvim_exec2() called at /Users/dladuke/.config/nvim/plugin/deps.lua:0
138.434  000.004  000.004: sourcing nvim_exec2() called at /Users/dladuke/.config/nvim/plugin/deps.lua:0
138.445  000.007  000.007: sourcing nvim_exec2() called at /Users/dladuke/.config/nvim/plugin/deps.lua:0
138.450  000.003  000.003: sourcing nvim_exec2() called at /Users/dladuke/.config/nvim/plugin/deps.lua:0
138.455  000.002  000.002: sourcing nvim_exec2() called at /Users/dladuke/.config/nvim/plugin/deps.lua:0
138.459  000.002  000.002: sourcing nvim_exec2() called at /Users/dladuke/.config/nvim/plugin/deps.lua:0
138.466  000.005  000.005: sourcing nvim_exec2() called at /Users/dladuke/.config/nvim/plugin/deps.lua:0
138.471  012.271  009.597: require('deps.statusline')
139.201  000.331  000.331: sourcing nvim_exec2() called at /Users/dladuke/.config/nvim/plugin/deps.lua:0
140.595  001.365  001.365: require('alpha')
140.632  002.160  000.463: require('deps.dashboard')
141.532  000.898  000.898: require('diy-plugins.messages')
141.534  134.266  000.215: sourcing /Users/dladuke/.config/nvim/plugin/deps.lua
141.964  000.375  000.375: sourcing /Users/dladuke/.config/nvim/plugin/lsp.lua
142.303  000.306  000.306: sourcing /Users/dladuke/.config/nvim/plugin/working-txt.lua
143.283  000.238  000.238: sourcing /opt/homebrew/Cellar/neovim/0.11.1/share/nvim/runtime/plugin/gzip.vim
144.483  000.220  000.220: sourcing /opt/homebrew/Cellar/neovim/0.11.1/share/nvim/runtime/pack/dist/opt/matchit/plugin/matchit.vim
144.514  001.196  000.977: sourcing /opt/homebrew/Cellar/neovim/0.11.1/share/nvim/runtime/plugin/matchit.vim
144.755  000.208  000.208: sourcing /opt/homebrew/Cellar/neovim/0.11.1/share/nvim/runtime/plugin/matchparen.vim
145.757  000.288  000.288: sourcing /opt/homebrew/Cellar/neovim/0.11.1/share/nvim/runtime/pack/dist/opt/netrw/plugin/netrwPlugin.vim
145.786  000.991  000.703: sourcing /opt/homebrew/Cellar/neovim/0.11.1/share/nvim/runtime/plugin/netrwPlugin.vim
145.934  000.108  000.108: sourcing /opt/homebrew/Cellar/neovim/0.11.1/share/nvim/runtime/plugin/rplugin.vim
146.123  000.150  000.150: sourcing /opt/homebrew/Cellar/neovim/0.11.1/share/nvim/runtime/plugin/shada.vim
146.189  000.026  000.026: sourcing /opt/homebrew/Cellar/neovim/0.11.1/share/nvim/runtime/plugin/spellfile.vim
146.304  000.073  000.073: sourcing /opt/homebrew/Cellar/neovim/0.11.1/share/nvim/runtime/plugin/tarPlugin.vim
146.465  000.122  000.122: sourcing /opt/homebrew/Cellar/neovim/0.11.1/share/nvim/runtime/plugin/tutor.vim
146.667  000.162  000.162: sourcing /opt/homebrew/Cellar/neovim/0.11.1/share/nvim/runtime/plugin/zipPlugin.vim
146.760  000.051  000.051: sourcing /opt/homebrew/Cellar/neovim/0.11.1/share/nvim/runtime/plugin/editorconfig.lua
146.878  000.076  000.076: sourcing /opt/homebrew/Cellar/neovim/0.11.1/share/nvim/runtime/plugin/man.lua
146.993  000.074  000.074: sourcing /opt/homebrew/Cellar/neovim/0.11.1/share/nvim/runtime/plugin/osc52.lua
147.083  000.049  000.049: sourcing /opt/homebrew/Cellar/neovim/0.11.1/share/nvim/runtime/plugin/tohtml.lua
147.103  002.130: loading rtp plugins
147.264  000.161: loading packages
147.681  000.418: loading after plugins
147.688  000.006: inits 3
149.138  001.451: reading ShaDa
151.141  001.344  001.344: require('vim.filetype')
152.326  000.306  000.306: sourcing /opt/homebrew/Cellar/neovim/0.11.1/share/nvim/runtime/ftplugin/gitignore.vim
154.011  000.252  000.252: sourcing /opt/homebrew/Cellar/neovim/0.11.1/share/nvim/runtime/syntax/gitignore.vim
283.410  000.241  000.241: require('gitsigns.status')
284.001  000.588  000.588: require('gitsigns.async')
284.744  000.417  000.417: require('gitsigns.util')
286.005  000.375  000.375: require('gitsigns.system.compat')
286.006  000.582  000.208: require('gitsigns.system')
286.007  000.828  000.246: require('gitsigns.git.cmd')
286.236  000.228  000.228: require('gitsigns.git.errors')
286.882  000.398  000.398: require('gitsigns.message')
286.884  000.647  000.249: require('gitsigns.git.version')
286.888  002.143  000.440: require('gitsigns.git.repo')
286.890  002.888  000.329: require('gitsigns.git')
287.233  000.341  000.341: require('gitsigns.cache')
287.750  000.117  000.117: require('gitsigns.diff')
288.122  000.371  000.371: require('gitsigns.hunks')
288.401  000.278  000.278: require('gitsigns.signs')
288.413  001.180  000.414: require('gitsigns.manager')
288.420  005.751  000.512: require('gitsigns.attach')
288.840  000.396  000.396: require('gitsigns.current_line_blame')
289.934  000.596  000.596: require('editorconfig')
290.276  132.493: opening buffers
292.455  002.161  002.161: require('vim.diagnostic')
292.644  000.085  000.085: sourcing nvim_exec2() called at BufEnter Autocommands for "*":0
296.068  000.071  000.071: sourcing nvim_exec2() called at BufEnter Autocommands for "*":0
299.898  007.304: BufEnter autocommands
300.385  000.487: editing files in windows
300.568  000.184: VimEnter autocommands
301.109  000.508  000.508: require('vim.termcap')
301.133  000.017  000.017: require('vim.text')
301.147  000.055: UIEnter autocommands
301.883  000.468  000.468: sourcing /opt/homebrew/Cellar/neovim/0.11.1/share/nvim/runtime/autoload/provider/clipboard.vim
301.887  000.271: before starting main loop
302.033  000.146: first screen update
302.035  000.001: --- NVIM STARTED ---

